(cmaxime)Running: Start machine                   [ Exec-time: 0.0000 secs ]
(cmaxime)Running: Boil water                      [ Exec-time: 0.0000 secs ]
(cmaxime)Running: Make coffee                     [ Exec-time: 2.0539 secs ]
(cmaxime)Running: Start machine                   [ Exec-time: 0.0000 secs ]
(cmaxime)Running: Boil water                      [ Exec-time: 0.0000 secs ]
(cmaxime)Running: Make coffee                     [ Exec-time: 2.0709 secs ]
(cmaxime)Running: Start machine                   [ Exec-time: 0.0000 secs ]
(cmaxime)Running: Boil water                      [ Exec-time: 0.0000 secs ]
(cmaxime)Running: Make coffee                     [ Exec-time: 2.0639 secs ]
(cmaxime)Running: Start machine                   [ Exec-time: 0.0000 secs ]
(cmaxime)Running: Boil water                      [ Exec-time: 0.0000 secs ]
(cmaxime)Running: Make coffee                     [ Exec-time: 2.0883 secs ]
(cmaxime)Running: Start machine                   [ Exec-time: 0.0000 secs ]
(cmaxime)Running: Make coffee                     [ Exec-time: 0.0004 secs ]
(cmaxime)Running: Start machine                   [ Exec-time: 0.0000 secs ]
(cmaxime)Running: Make coffee                     [ Exec-time: 0.0030 secs ]
(cmaxime)Running: Add water                       [ Exec-time: 3.0004 secs ]
(RICHARD 2.0)Running: Start machine               [ Exec-time: 0.0000 secs ]
(RICHARD 2.0)Running: Boil water                  [ Exec-time: 0.0000 secs ]
(RICHARD 2.0)Running: Make coffee                 [ Exec-time: 2.0381 secs ]
(RICHARD 2.0)Running: Start machine               [ Exec-time: 0.0000 secs ]
(RICHARD 2.0)Running: Boil water                  [ Exec-time: 0.0000 secs ]
(RICHARD 2.0)Running: Make coffee                 [ Exec-time: 2.0339 secs ]
(RICHARD 2.0)Running: Start machine               [ Exec-time: 0.0000 secs ]
(RICHARD 2.0)Running: Boil water                  [ Exec-time: 0.0000 secs ]
(RICHARD 2.0)Running: Make coffee                 [ Exec-time: 2.0301 secs ]
(RICHARD 2.0)Running: Start machine               [ Exec-time: 0.0000 secs ]
(RICHARD 2.0)Running: Boil water                  [ Exec-time: 0.0000 secs ]
(RICHARD 2.0)Running: Make coffee                 [ Exec-time: 2.0610 secs ]
(RICHARD 2.0)Running: Start machine               [ Exec-time: 0.0000 secs ]
(RICHARD 2.0)Running: Make coffee                 [ Exec-time: 0.0004 secs ]
(RICHARD 2.0)Running: Start machine               [ Exec-time: 0.0000 secs ]
(RICHARD 2.0)Running: Make coffee                 [ Exec-time: 0.0003 secs ]
(RICHARD 2.0)Running: Add water                   [ Exec-time: 3.0051 secs ]
(RICHARD 2.0)Running: Start machine               [ Exec-time: 0.0000 secs ]
(RICHARD 2.0)Running: Boil water                  [ Exec-time: 0.0000 secs ]
(RICHARD 2.0)Running: Make coffee                 [ Exec-time: 2.0641 secs ]
(RICHARD 2.0)Running: Start machine               [ Exec-time: 0.0000 secs ]
(RICHARD 2.0)Running: Boil water                  [ Exec-time: 0.0000 secs ]
(RICHARD 2.0)Running: Make coffee                 [ Exec-time: 2.0553 secs ]
(RICHARD 2.0)Running: Start machine               [ Exec-time: 0.0000 secs ]
(RICHARD 2.0)Running: Boil water                  [ Exec-time: 0.0000 secs ]
(RICHARD 2.0)Running: Make coffee                 [ Exec-time: 2.0532 secs ]
(RICHARD 2.0)Running: Start machine               [ Exec-time: 0.0000 secs ]
(RICHARD 2.0)Running: Boil water                  [ Exec-time: 0.0000 secs ]
(RICHARD 2.0)Running: Make coffee                 [ Exec-time: 2.0677 secs ]
(RICHARD 2.0)Running: Start machine               [ Exec-time: 0.0000 secs ]
(RICHARD 2.0)Running: Make coffee                 [ Exec-time: 0.0005 secs ]
(RICHARD 2.0)Running: Start machine               [ Exec-time: 0.0000 secs ]
(RICHARD 2.0)Running: Make coffee                 [ Exec-time: 0.0004 secs ]
(RICHARD 2.0)Running: Add water                   [ Exec-time: 4.0002 secs ]
